<?xml version="1.0" encoding="UTF-8"?>
<!-- Generated by org.testng.reporters.JUnitReportReporter -->
<testsuite hostname="DESKTOP-I882LUR" failures="0" tests="1" name="test.LogoutTest" time="15.697" errors="0" timestamp="2025-03-24T13:34:08 IST" skipped="0">
  <testcase classname="test.LogoutTest" name="Logout01" time="15.697"/>
</testsuite> <!-- test.LogoutTest -->
