<?xml version="1.0" encoding="UTF-8"?>
<!-- Generated by org.testng.reporters.JUnitReportReporter -->
<testsuite hostname="DESKTOP-I882LUR" failures="0" tests="2" name="test.SearchhotelTest" time="59.838" errors="0" timestamp="2025-03-25T07:24:22 IST" skipped="0">
  <testcase classname="test.SearchhotelTest" name="searchHoteltest" time="38.641"/>
  <testcase classname="test.SearchhotelTest" name="searchHoteltestwithinvalid" time="21.197"/>
</testsuite> <!-- test.SearchhotelTest -->
