<?xml version="1.0" encoding="UTF-8"?>
<!-- Generated by org.testng.reporters.JUnitReportReporter -->
<testsuite hostname="DESKTOP-I882LUR" failures="0" tests="2" name="test.BookitineraryTest" time="94.108" errors="0" timestamp="2025-03-25T07:04:18 IST" skipped="0">
  <testcase classname="test.BookitineraryTest" name="Bookeditenerary" time="44.662"/>
  <testcase classname="test.BookitineraryTest" name="Bookeditenerary1" time="49.446"/>
</testsuite> <!-- test.BookitineraryTest -->
