<?xml version="1.0" encoding="UTF-8"?>
<!-- Generated by org.testng.reporters.JUnitReportReporter -->
<testsuite hostname="DESKTOP-I882LUR" failures="0" tests="1" name="test.LogoutTest" time="17.266" errors="0" timestamp="2025-04-03T18:08:39 IST" skipped="0">
  <testcase classname="test.LogoutTest" name="Logout01" time="17.266"/>
</testsuite> <!-- test.LogoutTest -->
