<?xml version="1.0" encoding="UTF-8"?>
<!-- Generated by org.testng.reporters.JUnitReportReporter -->
<testsuite hostname="DESKTOP-I882LUR" failures="0" tests="2" name="test.BookitineraryTest" time="73.238" errors="0" timestamp="2025-04-03T18:08:39 IST" skipped="0">
  <testcase classname="test.BookitineraryTest" name="Bookeditenerary" time="37.189"/>
  <testcase classname="test.BookitineraryTest" name="Bookeditenerary1" time="36.049"/>
</testsuite> <!-- test.BookitineraryTest -->
