<?xml version="1.0" encoding="UTF-8"?>
<!-- Generated by org.testng.reporters.JUnitReportReporter -->
<testsuite hostname="DESKTOP-I882LUR" failures="0" tests="2" name="test.LoginTest" time="23.981" errors="0" timestamp="2025-04-03T18:08:39 IST" skipped="0">
  <testcase classname="test.LoginTest" name="Logintest" time="12.956"/>
  <testcase classname="test.LoginTest" name="InvalidLoginTest" time="11.025"/>
</testsuite> <!-- test.LoginTest -->
